<?xml version="1.0" encoding="UTF-8" ?>
<testsuite tests="7" failures="0" name="TestingRovers" time="0.046" errors="0" skipped="0">
  <properties>
[...]
</properties>
  <testcase classname="TestingRovers" name="RoversCollapsingThrowException" time="0.008"/>
  <testcase classname="TestingRovers" name="RoverNotDroppedCurrentPositionMessage" time="0"/>
  <testcase classname="TestingRovers" name="RoverNotDroppedAndTryingToBeMovedExceptionThrown" time="0"/>
  <testcase classname="TestingRovers" name="TestInput" time="0.03"/>
  <testcase classname="TestingRovers" name="MovingRoverOutsideThePlateu" time="0"/>
  <testcase classname="TestingRovers" name="DroppingRoverOutsideThePlateuThrowsException" time="0.003"/>
  <testcase classname="TestingRovers" name="UnknownInstructionThrowsException" time="0.005"/>
</testsuite>